[debug] [2022-03-17T15:34:31.939Z] ----------------------------------------------------------------------
[debug] [2022-03-17T15:34:31.941Z] Command:       C:\Program Files\nodejs\node.exe C:\Users\105.DESKTOP-3SISK4I\AppData\Roaming\npm\node_modules\firebase-tools\lib\bin\firebase.js init
[debug] [2022-03-17T15:34:31.942Z] CLI Version:   10.2.2
[debug] [2022-03-17T15:34:31.942Z] Platform:      win32
[debug] [2022-03-17T15:34:31.942Z] Node Version:  v14.17.3
[debug] [2022-03-17T15:34:31.943Z] Time:          Thu Mar 17 2022 11:34:31 GMT-0400 (Eastern Daylight Time)
[debug] [2022-03-17T15:34:31.944Z] ----------------------------------------------------------------------
[debug] 
[debug] [2022-03-17T15:34:32.010Z] >>> [apiv2][query] GET https://firebase-public.firebaseio.com/cli.json [none]
[debug] [2022-03-17T15:34:32.105Z] > command requires scopes: ["email","openid","https://www.googleapis.com/auth/cloudplatformprojects.readonly","https://www.googleapis.com/auth/firebase","https://www.googleapis.com/auth/cloud-platform"]
[debug] [2022-03-17T15:34:32.106Z] > authorizing via signed-in user (105.olivesoft@gmail.com)
[info] 
     ######## #### ########  ######## ########     ###     ######  ########
     ##        ##  ##     ## ##       ##     ##  ##   ##  ##       ##
     ######    ##  ########  ######   ########  #########  ######  ######
     ##        ##  ##    ##  ##       ##     ## ##     ##       ## ##
     ##       #### ##     ## ######## ########  ##     ##  ######  ########

You're about to initialize a Firebase project in this directory:

  E:\Project\32_Michael(Flow)\ModernMusician\frontend

[info] 
=== Project Setup
[info] 
[info] First, let's associate this project directory with a Firebase project.
[info] You can create multiple project aliases by running firebase use --add, 
[info] but for now we'll just set up a default project.
[info] 
[debug] [2022-03-17T15:34:43.741Z] > refreshing access token with scopes: []
[debug] [2022-03-17T15:34:43.742Z] >>> HTTP REQUEST POST https://www.googleapis.com/oauth2/v3/token  
 <request body omitted>
[debug] [2022-03-17T15:34:48.816Z] Authentication Error: Your credentials are no longer valid. Please run firebase login --reauth

For CI servers and headless environments, generate a new token with firebase login:ci
[debug] [2022-03-17T15:34:51.912Z] FirebaseError: Authentication Error: Your credentials are no longer valid. Please run firebase login --reauth

For CI servers and headless environments, generate a new token with firebase login:ci
    at invalidCredentialError (C:\Users\105.DESKTOP-3SISK4I\AppData\Roaming\npm\node_modules\firebase-tools\lib\auth.js:145:12)
    at refreshTokens (C:\Users\105.DESKTOP-3SISK4I\AppData\Roaming\npm\node_modules\firebase-tools\lib\auth.js:485:15)
    at processTicksAndRejections (internal/process/task_queues.js:95:5)
    at async Client.getAccessToken (C:\Users\105.DESKTOP-3SISK4I\AppData\Roaming\npm\node_modules\firebase-tools\lib\apiv2.js:147:23)
    at async Client.addAuthHeader (C:\Users\105.DESKTOP-3SISK4I\AppData\Roaming\npm\node_modules\firebase-tools\lib\apiv2.js:138:21)
    at async Client.request (C:\Users\105.DESKTOP-3SISK4I\AppData\Roaming\npm\node_modules\firebase-tools\lib\apiv2.js:94:34)
    at async getProjectPage (C:\Users\105.DESKTOP-3SISK4I\AppData\Roaming\npm\node_modules\firebase-tools\lib\management\projects.js:233:17)
    at async getFirebaseProjectPage (C:\Users\105.DESKTOP-3SISK4I\AppData\Roaming\npm\node_modules\firebase-tools\lib\management\projects.js:250:23)
    at async selectProjectInteractively (C:\Users\105.DESKTOP-3SISK4I\AppData\Roaming\npm\node_modules\firebase-tools\lib\management\projects.js:95:41)
    at async Object.doSetup [as project] (C:\Users\105.DESKTOP-3SISK4I\AppData\Roaming\npm\node_modules\firebase-tools\lib\init\features\project.js:88:27)
    at async init (C:\Users\105.DESKTOP-3SISK4I\AppData\Roaming\npm\node_modules\firebase-tools\lib\init\index.js:19:9)
[error] 
[error] Error: Failed to list Firebase projects. See firebase-debug.log for more info.
[debug] [2022-03-17T15:35:19.950Z] ----------------------------------------------------------------------
[debug] [2022-03-17T15:35:19.952Z] Command:       C:\Program Files\nodejs\node.exe C:\Users\105.DESKTOP-3SISK4I\AppData\Roaming\npm\node_modules\firebase-tools\lib\bin\firebase.js init
[debug] [2022-03-17T15:35:19.952Z] CLI Version:   10.2.2
[debug] [2022-03-17T15:35:19.952Z] Platform:      win32
[debug] [2022-03-17T15:35:19.952Z] Node Version:  v14.17.3
[debug] [2022-03-17T15:35:19.953Z] Time:          Thu Mar 17 2022 11:35:19 GMT-0400 (Eastern Daylight Time)
[debug] [2022-03-17T15:35:19.953Z] ----------------------------------------------------------------------
[debug] 
[debug] [2022-03-17T15:35:19.955Z] >>> [apiv2][query] GET https://firebase-public.firebaseio.com/cli.json [none]
[debug] [2022-03-17T15:35:19.975Z] > command requires scopes: ["email","openid","https://www.googleapis.com/auth/cloudplatformprojects.readonly","https://www.googleapis.com/auth/firebase","https://www.googleapis.com/auth/cloud-platform"]
[debug] [2022-03-17T15:35:19.975Z] > authorizing via signed-in user (105.olivesoft@gmail.com)
[info] 
     ######## #### ########  ######## ########     ###     ######  ########
     ##        ##  ##     ## ##       ##     ##  ##   ##  ##       ##
     ######    ##  ########  ######   ########  #########  ######  ######
     ##        ##  ##    ##  ##       ##     ## ##     ##       ## ##
     ##       #### ##     ## ######## ########  ##     ##  ######  ########

You're about to initialize a Firebase project in this directory:

  E:\Project\32_Michael(Flow)\ModernMusician\frontend

[info] 
=== Project Setup
[info] 
[info] First, let's associate this project directory with a Firebase project.
[info] You can create multiple project aliases by running firebase use --add, 
[info] but for now we'll just set up a default project.
[info] 
[debug] [2022-03-17T15:35:29.637Z] > refreshing access token with scopes: []
[debug] [2022-03-17T15:35:29.638Z] >>> HTTP REQUEST POST https://www.googleapis.com/oauth2/v3/token  
 <request body omitted>
[debug] [2022-03-17T15:35:33.660Z] Authentication Error: Your credentials are no longer valid. Please run firebase login --reauth

For CI servers and headless environments, generate a new token with firebase login:ci
[debug] [2022-03-17T15:35:39.382Z] FirebaseError: Authentication Error: Your credentials are no longer valid. Please run firebase login --reauth

For CI servers and headless environments, generate a new token with firebase login:ci
    at invalidCredentialError (C:\Users\105.DESKTOP-3SISK4I\AppData\Roaming\npm\node_modules\firebase-tools\lib\auth.js:145:12)
    at refreshTokens (C:\Users\105.DESKTOP-3SISK4I\AppData\Roaming\npm\node_modules\firebase-tools\lib\auth.js:485:15)
    at processTicksAndRejections (internal/process/task_queues.js:95:5)
    at async Client.getAccessToken (C:\Users\105.DESKTOP-3SISK4I\AppData\Roaming\npm\node_modules\firebase-tools\lib\apiv2.js:147:23)
    at async Client.addAuthHeader (C:\Users\105.DESKTOP-3SISK4I\AppData\Roaming\npm\node_modules\firebase-tools\lib\apiv2.js:138:21)
    at async Client.request (C:\Users\105.DESKTOP-3SISK4I\AppData\Roaming\npm\node_modules\firebase-tools\lib\apiv2.js:94:34)
    at async getProjectPage (C:\Users\105.DESKTOP-3SISK4I\AppData\Roaming\npm\node_modules\firebase-tools\lib\management\projects.js:233:17)
    at async getFirebaseProjectPage (C:\Users\105.DESKTOP-3SISK4I\AppData\Roaming\npm\node_modules\firebase-tools\lib\management\projects.js:250:23)
    at async selectProjectInteractively (C:\Users\105.DESKTOP-3SISK4I\AppData\Roaming\npm\node_modules\firebase-tools\lib\management\projects.js:95:41)
    at async Object.doSetup [as project] (C:\Users\105.DESKTOP-3SISK4I\AppData\Roaming\npm\node_modules\firebase-tools\lib\init\features\project.js:88:27)
    at async init (C:\Users\105.DESKTOP-3SISK4I\AppData\Roaming\npm\node_modules\firebase-tools\lib\init\index.js:19:9)
[error] 
[error] Error: Failed to list Firebase projects. See firebase-debug.log for more info.
[debug] [2022-03-17T15:44:17.142Z] ----------------------------------------------------------------------
[debug] [2022-03-17T15:44:17.143Z] Command:       C:\Program Files\nodejs\node.exe C:\Users\105.DESKTOP-3SISK4I\AppData\Roaming\npm\node_modules\firebase-tools\lib\bin\firebase.js init
[debug] [2022-03-17T15:44:17.144Z] CLI Version:   10.2.2
[debug] [2022-03-17T15:44:17.144Z] Platform:      win32
[debug] [2022-03-17T15:44:17.144Z] Node Version:  v14.17.3
[debug] [2022-03-17T15:44:17.145Z] Time:          Thu Mar 17 2022 11:44:17 GMT-0400 (Eastern Daylight Time)
[debug] [2022-03-17T15:44:17.145Z] ----------------------------------------------------------------------
[debug] 
[debug] [2022-03-17T15:44:17.147Z] >>> [apiv2][query] GET https://firebase-public.firebaseio.com/cli.json [none]
[debug] [2022-03-17T15:44:17.166Z] > command requires scopes: ["email","openid","https://www.googleapis.com/auth/cloudplatformprojects.readonly","https://www.googleapis.com/auth/firebase","https://www.googleapis.com/auth/cloud-platform"]
[debug] [2022-03-17T15:44:17.166Z] > authorizing via signed-in user (105.olivesoft@gmail.com)
[info] 
     ######## #### ########  ######## ########     ###     ######  ########
     ##        ##  ##     ## ##       ##     ##  ##   ##  ##       ##
     ######    ##  ########  ######   ########  #########  ######  ######
     ##        ##  ##    ##  ##       ##     ## ##     ##       ## ##
     ##       #### ##     ## ######## ########  ##     ##  ######  ########

You're about to initialize a Firebase project in this directory:

  E:\Project\32_Michael(Flow)\ModernMusician\frontend

[debug] [2022-03-17T15:44:19.662Z] <<< [apiv2][status] GET https://firebase-public.firebaseio.com/cli.json 200
[debug] [2022-03-17T15:44:19.662Z] <<< [apiv2][body] GET https://firebase-public.firebaseio.com/cli.json {"cloudBuildErrorAfter":1594252800000,"cloudBuildWarnAfter":1590019200000,"defaultNode10After":1594252800000,"minVersion":"3.0.5","node8DeploysDisabledAfter":1613390400000,"node8RuntimeDisabledAfter":1615809600000,"node8WarnAfter":1600128000000}
[info] 
=== Project Setup
[info] 
[info] First, let's associate this project directory with a Firebase project.
[info] You can create multiple project aliases by running firebase use --add, 
[info] but for now we'll just set up a default project.
[info] 
[debug] [2022-03-17T15:44:27.829Z] > refreshing access token with scopes: []
[debug] [2022-03-17T15:44:27.829Z] >>> HTTP REQUEST POST https://www.googleapis.com/oauth2/v3/token  
 <request body omitted>
[debug] [2022-03-17T15:44:28.912Z] <<< HTTP RESPONSE 200 {"expires":"Mon, 01 Jan 1990 00:00:00 GMT","cache-control":"no-cache, no-store, max-age=0, must-revalidate","date":"Thu, 17 Mar 2022 15:44:44 GMT","pragma":"no-cache","content-type":"application/json; charset=utf-8","vary":"X-Origin, Referer, Origin,Accept-Encoding","server":"scaffolding on HTTPServer2","x-xss-protection":"0","x-frame-options":"SAMEORIGIN","x-content-type-options":"nosniff","alt-svc":"h3=\":443\"; ma=2592000,h3-29=\":443\"; ma=2592000,h3-Q050=\":443\"; ma=2592000,h3-Q046=\":443\"; ma=2592000,h3-Q043=\":443\"; ma=2592000,quic=\":443\"; ma=2592000; v=\"46,43\"","accept-ranges":"none","transfer-encoding":"chunked"}
[debug] [2022-03-17T15:44:28.992Z] >>> [apiv2][query] GET https://firebase.googleapis.com/v1beta1/projects pageSize=100
[debug] [2022-03-17T15:44:31.200Z] Failed to make request to https://firebase.googleapis.com/v1beta1/projects?pageSize=100
[debug] [2022-03-17T15:44:33.268Z] FirebaseError: Failed to make request to https://firebase.googleapis.com/v1beta1/projects?pageSize=100
    at RetryOperation._fn (C:\Users\105.DESKTOP-3SISK4I\AppData\Roaming\npm\node_modules\firebase-tools\lib\apiv2.js:240:31)
    at processTicksAndRejections (internal/process/task_queues.js:95:5)
[error] 
[error] Error: Failed to list Firebase projects. See firebase-debug.log for more info.
[debug] [2022-03-17T15:44:42.469Z] ----------------------------------------------------------------------
[debug] [2022-03-17T15:44:42.471Z] Command:       C:\Program Files\nodejs\node.exe C:\Users\105.DESKTOP-3SISK4I\AppData\Roaming\npm\node_modules\firebase-tools\lib\bin\firebase.js login
[debug] [2022-03-17T15:44:42.471Z] CLI Version:   10.2.2
[debug] [2022-03-17T15:44:42.471Z] Platform:      win32
[debug] [2022-03-17T15:44:42.471Z] Node Version:  v14.17.3
[debug] [2022-03-17T15:44:42.472Z] Time:          Thu Mar 17 2022 11:44:42 GMT-0400 (Eastern Daylight Time)
[debug] [2022-03-17T15:44:42.472Z] ----------------------------------------------------------------------
[debug] 
[info] Already logged in as 105.olivesoft@gmail.com
[debug] [2022-03-17T15:44:53.722Z] ----------------------------------------------------------------------
[debug] [2022-03-17T15:44:53.723Z] Command:       C:\Program Files\nodejs\node.exe C:\Users\105.DESKTOP-3SISK4I\AppData\Roaming\npm\node_modules\firebase-tools\lib\bin\firebase.js init
[debug] [2022-03-17T15:44:53.724Z] CLI Version:   10.2.2
[debug] [2022-03-17T15:44:53.724Z] Platform:      win32
[debug] [2022-03-17T15:44:53.724Z] Node Version:  v14.17.3
[debug] [2022-03-17T15:44:53.725Z] Time:          Thu Mar 17 2022 11:44:53 GMT-0400 (Eastern Daylight Time)
[debug] [2022-03-17T15:44:53.725Z] ----------------------------------------------------------------------
[debug] 
[debug] [2022-03-17T15:44:53.731Z] > command requires scopes: ["email","openid","https://www.googleapis.com/auth/cloudplatformprojects.readonly","https://www.googleapis.com/auth/firebase","https://www.googleapis.com/auth/cloud-platform"]
[debug] [2022-03-17T15:44:53.731Z] > authorizing via signed-in user (105.olivesoft@gmail.com)
[info] 
     ######## #### ########  ######## ########     ###     ######  ########
     ##        ##  ##     ## ##       ##     ##  ##   ##  ##       ##
     ######    ##  ########  ######   ########  #########  ######  ######
     ##        ##  ##    ##  ##       ##     ## ##     ##       ## ##
     ##       #### ##     ## ######## ########  ##     ##  ######  ########

You're about to initialize a Firebase project in this directory:

  E:\Project\32_Michael(Flow)\ModernMusician\frontend

[info] 
=== Project Setup
[info] 
[info] First, let's associate this project directory with a Firebase project.
[info] You can create multiple project aliases by running firebase use --add, 
[info] but for now we'll just set up a default project.
[info] 
[debug] [2022-03-17T15:45:02.118Z] >>> [apiv2][query] GET https://firebase.googleapis.com/v1beta1/projects pageSize=100
[debug] [2022-03-17T15:45:04.173Z] Failed to make request to https://firebase.googleapis.com/v1beta1/projects?pageSize=100
[debug] [2022-03-17T15:45:04.648Z] FirebaseError: Failed to make request to https://firebase.googleapis.com/v1beta1/projects?pageSize=100
    at RetryOperation._fn (C:\Users\105.DESKTOP-3SISK4I\AppData\Roaming\npm\node_modules\firebase-tools\lib\apiv2.js:240:31)
    at processTicksAndRejections (internal/process/task_queues.js:95:5)
[error] 
[error] Error: Failed to list Firebase projects. See firebase-debug.log for more info.
[debug] [2022-03-17T15:45:44.297Z] ----------------------------------------------------------------------
[debug] [2022-03-17T15:45:44.299Z] Command:       C:\Program Files\nodejs\node.exe C:\Users\105.DESKTOP-3SISK4I\AppData\Roaming\npm\node_modules\firebase-tools\lib\bin\firebase.js init
[debug] [2022-03-17T15:45:44.299Z] CLI Version:   10.2.2
[debug] [2022-03-17T15:45:44.299Z] Platform:      win32
[debug] [2022-03-17T15:45:44.300Z] Node Version:  v14.17.3
[debug] [2022-03-17T15:45:44.300Z] Time:          Thu Mar 17 2022 11:45:44 GMT-0400 (Eastern Daylight Time)
[debug] [2022-03-17T15:45:44.300Z] ----------------------------------------------------------------------
[debug] 
[debug] [2022-03-17T15:45:44.306Z] > command requires scopes: ["email","openid","https://www.googleapis.com/auth/cloudplatformprojects.readonly","https://www.googleapis.com/auth/firebase","https://www.googleapis.com/auth/cloud-platform"]
[debug] [2022-03-17T15:45:44.306Z] > authorizing via signed-in user (105.olivesoft@gmail.com)
[info] 
     ######## #### ########  ######## ########     ###     ######  ########
     ##        ##  ##     ## ##       ##     ##  ##   ##  ##       ##
     ######    ##  ########  ######   ########  #########  ######  ######
     ##        ##  ##    ##  ##       ##     ## ##     ##       ## ##
     ##       #### ##     ## ######## ########  ##     ##  ######  ########

You're about to initialize a Firebase project in this directory:

  E:\Project\32_Michael(Flow)\ModernMusician\frontend

[info] 
=== Project Setup
[info] 
[info] First, let's associate this project directory with a Firebase project.
[info] You can create multiple project aliases by running firebase use --add, 
[info] but for now we'll just set up a default project.
[info] 
[debug] [2022-03-17T15:45:55.181Z] >>> [apiv2][query] GET https://firebase.googleapis.com/v1beta1/projects pageSize=100
[debug] [2022-03-17T15:45:57.748Z] Failed to make request to https://firebase.googleapis.com/v1beta1/projects?pageSize=100
[debug] [2022-03-17T15:45:59.304Z] FirebaseError: Failed to make request to https://firebase.googleapis.com/v1beta1/projects?pageSize=100
    at RetryOperation._fn (C:\Users\105.DESKTOP-3SISK4I\AppData\Roaming\npm\node_modules\firebase-tools\lib\apiv2.js:240:31)
    at processTicksAndRejections (internal/process/task_queues.js:95:5)
[error] 
[error] Error: Failed to list Firebase projects. See firebase-debug.log for more info.
[debug] [2022-03-17T15:48:25.371Z] ----------------------------------------------------------------------
[debug] [2022-03-17T15:48:25.373Z] Command:       C:\Program Files\nodejs\node.exe C:\Users\105.DESKTOP-3SISK4I\AppData\Roaming\npm\node_modules\firebase-tools\lib\bin\firebase.js init
[debug] [2022-03-17T15:48:25.373Z] CLI Version:   10.2.2
[debug] [2022-03-17T15:48:25.373Z] Platform:      win32
[debug] [2022-03-17T15:48:25.373Z] Node Version:  v14.17.3
[debug] [2022-03-17T15:48:25.374Z] Time:          Thu Mar 17 2022 11:48:25 GMT-0400 (Eastern Daylight Time)
[debug] [2022-03-17T15:48:25.374Z] ----------------------------------------------------------------------
[debug] 
[debug] [2022-03-17T15:48:25.380Z] > command requires scopes: ["email","openid","https://www.googleapis.com/auth/cloudplatformprojects.readonly","https://www.googleapis.com/auth/firebase","https://www.googleapis.com/auth/cloud-platform"]
[debug] [2022-03-17T15:48:25.381Z] > authorizing via signed-in user (105.olivesoft@gmail.com)
[info] 
     ######## #### ########  ######## ########     ###     ######  ########
     ##        ##  ##     ## ##       ##     ##  ##   ##  ##       ##
     ######    ##  ########  ######   ########  #########  ######  ######
     ##        ##  ##    ##  ##       ##     ## ##     ##       ## ##
     ##       #### ##     ## ######## ########  ##     ##  ######  ########

You're about to initialize a Firebase project in this directory:

  E:\Project\32_Michael(Flow)\ModernMusician\frontend

[info] 
=== Project Setup
[info] 
[info] First, let's associate this project directory with a Firebase project.
[info] You can create multiple project aliases by running firebase use --add, 
[info] but for now we'll just set up a default project.
[info] 
[debug] [2022-03-17T15:48:40.789Z] >>> [apiv2][query] GET https://firebase.googleapis.com/v1beta1/projects pageSize=100
[debug] [2022-03-17T15:48:43.172Z] Failed to make request to https://firebase.googleapis.com/v1beta1/projects?pageSize=100
[debug] [2022-03-17T15:48:45.484Z] FirebaseError: Failed to make request to https://firebase.googleapis.com/v1beta1/projects?pageSize=100
    at RetryOperation._fn (C:\Users\105.DESKTOP-3SISK4I\AppData\Roaming\npm\node_modules\firebase-tools\lib\apiv2.js:240:31)
    at processTicksAndRejections (internal/process/task_queues.js:95:5)
[error] 
[error] Error: Failed to list Firebase projects. See firebase-debug.log for more info.
